0 info it worked if it ends with ok
1 verbose cli [ '/Users/tomascorralcasas/.nvm/versions/node/v6.11.0/bin/node',
1 verbose cli   '/Users/tomascorralcasas/.nvm/versions/node/v6.11.0/bin/npm',
1 verbose cli   'run',
1 verbose cli   'setup' ]
2 info using npm@3.10.10
3 info using node@v6.11.0
4 verbose run-script [ 'presetup', 'setup', 'postsetup' ]
5 info lifecycle electron-quick-start@1.0.0~presetup: electron-quick-start@1.0.0
6 silly lifecycle electron-quick-start@1.0.0~presetup: no script for presetup, continuing
7 info lifecycle electron-quick-start@1.0.0~setup: electron-quick-start@1.0.0
8 verbose lifecycle electron-quick-start@1.0.0~setup: unsafe-perm in lifecycle true
9 verbose lifecycle electron-quick-start@1.0.0~setup: PATH: /Users/tomascorralcasas/.nvm/versions/node/v6.11.0/lib/node_modules/npm/bin/node-gyp-bin:/Users/tomascorralcasas/projects/electron-quick-start/node_modules/.bin:/Library/Frameworks/Mono.framework/Versions/Current/bin/:/Users/tomascorralcasas/.nvm/versions/node/v6.11.0/bin:/usr/local/bin:/usr/bin:/bin:/usr/sbin:/sbin:/opt/X11/bin
10 verbose lifecycle electron-quick-start@1.0.0~setup: CWD: /Users/tomascorralcasas/projects/electron-quick-start
11 silly lifecycle electron-quick-start@1.0.0~setup: Args: [ '-c',
11 silly lifecycle   'electron-installer-windows --src /Users/tomascorralcasas/projects/electron-quick-start/Atradius-win32-x64/ --dest /Users/tomascorralcasas/projects/electron-quick-start/' ]
12 silly lifecycle electron-quick-start@1.0.0~setup: Returned: code: 1  signal: null
13 info lifecycle electron-quick-start@1.0.0~setup: Failed to exec setup script
14 verbose stack Error: electron-quick-start@1.0.0 setup: `electron-installer-windows --src /Users/tomascorralcasas/projects/electron-quick-start/Atradius-win32-x64/ --dest /Users/tomascorralcasas/projects/electron-quick-start/`
14 verbose stack Exit status 1
14 verbose stack     at EventEmitter.<anonymous> (/Users/tomascorralcasas/.nvm/versions/node/v6.11.0/lib/node_modules/npm/lib/utils/lifecycle.js:255:16)
14 verbose stack     at emitTwo (events.js:106:13)
14 verbose stack     at EventEmitter.emit (events.js:191:7)
14 verbose stack     at ChildProcess.<anonymous> (/Users/tomascorralcasas/.nvm/versions/node/v6.11.0/lib/node_modules/npm/lib/utils/spawn.js:40:14)
14 verbose stack     at emitTwo (events.js:106:13)
14 verbose stack     at ChildProcess.emit (events.js:191:7)
14 verbose stack     at maybeClose (internal/child_process.js:891:16)
14 verbose stack     at Process.ChildProcess._handle.onexit (internal/child_process.js:226:5)
15 verbose pkgid electron-quick-start@1.0.0
16 verbose cwd /Users/tomascorralcasas/projects/electron-quick-start
17 error Darwin 16.6.0
18 error argv "/Users/tomascorralcasas/.nvm/versions/node/v6.11.0/bin/node" "/Users/tomascorralcasas/.nvm/versions/node/v6.11.0/bin/npm" "run" "setup"
19 error node v6.11.0
20 error npm  v3.10.10
21 error code ELIFECYCLE
22 error electron-quick-start@1.0.0 setup: `electron-installer-windows --src /Users/tomascorralcasas/projects/electron-quick-start/Atradius-win32-x64/ --dest /Users/tomascorralcasas/projects/electron-quick-start/`
22 error Exit status 1
23 error Failed at the electron-quick-start@1.0.0 setup script 'electron-installer-windows --src /Users/tomascorralcasas/projects/electron-quick-start/Atradius-win32-x64/ --dest /Users/tomascorralcasas/projects/electron-quick-start/'.
23 error Make sure you have the latest version of node.js and npm installed.
23 error If you do, this is most likely a problem with the electron-quick-start package,
23 error not with npm itself.
23 error Tell the author that this fails on your system:
23 error     electron-installer-windows --src /Users/tomascorralcasas/projects/electron-quick-start/Atradius-win32-x64/ --dest /Users/tomascorralcasas/projects/electron-quick-start/
23 error You can get information on how to open an issue for this project with:
23 error     npm bugs electron-quick-start
23 error Or if that isn't available, you can get their info via:
23 error     npm owner ls electron-quick-start
23 error There is likely additional logging output above.
24 verbose exit [ 1, true ]
